This is pdfTeX, Version 3.14159265-2.6-1.40.20 (TeX Live 2019) (preloaded format=pdflatex 2019.4.10)  5 JAN 2020 11:08
entering extended mode
 restricted \write18 enabled.
 file:line:error style messages enabled.
 %&-line parsing enabled.
**mybeamerdefs.tex
(./mybeamerdefs.tex
LaTeX2e <2018-12-01>

./mybeamerdefs.tex:2: LaTeX Error: \usepackage before \documentclass.

See the LaTeX manual or LaTeX Companion for explanation.
Type  H <return>  for immediate help.
 ...                                              
                                                  
l.2 \usepackage[yyyymmdd]{
                          datetime}
? 
./mybeamerdefs.tex:2: Emergency stop.
 ...                                              
                                                  
l.2 \usepackage[yyyymmdd]{
                          datetime}
\usepackage may only appear in the document preamble, i.e.,
between \documentclass and \begin{document}.

 
Here is how much of TeX's memory you used:
 6 strings out of 492623
 289 string characters out of 6129552
 57446 words of memory out of 5000000
 4018 multiletter control sequences out of 15000+600000
 3640 words of font info for 14 fonts, out of 8000000 for 9000
 1141 hyphenation exceptions out of 8191
 5i,0n,5p,50b,14s stack positions out of 5000i,500n,10000p,200000b,80000s
./mybeamerdefs.tex:2:  ==> Fatal error occurred, no output PDF file produced!
